2026-04-15T10:21:34 INFO GET /api/users 200 120ms
2026-04-15T10:21:40 INFO GET /api/products 200 95ms
2026-04-15T10:22:11 ERROR POST /api/login 500 340ms
2026-04-15T10:22:15 INFO GET /api/orders 200 180ms
2026-04-15T10:22:45 WARN GET /api/orders 404 95ms
2026-04-15T10:23:10 ERROR GET /api/payments 502 410ms2026-04-17T18:02:25.905461 WARN GET /api/users 404 225ms
2026-04-17T18:02:27.906165 WARN GET /api/orders 404 443ms
2026-04-17T18:02:29.907405 INFO GET /api/orders 200 234ms
2026-04-17T18:02:31.908476 ERROR GET /api/users 200 193ms
2026-04-17T18:02:33.909451 INFO GET /api/login 200 203ms
2026-04-17T18:02:35.910238 WARN GET /api/login 404 154ms
2026-04-17T18:02:37.911503 ERROR GET /api/users 200 140ms
2026-04-17T18:02:39.912695 INFO GET /api/users 200 500ms
2026-04-17T18:02:41.915529 ERROR GET /api/users 200 299ms
2026-04-17T18:02:43.916735 ERROR GET /api/payments 200 58ms
2026-04-17T18:02:45.917959 ERROR GET /api/users 200 297ms
2026-04-17T18:02:47.919840 INFO GET /api/users 500 468ms
2026-04-17T18:02:49.920919 WARN GET /api/users 502 86ms
2026-04-17T18:02:51.922261 INFO GET /api/login 200 475ms
2026-04-17T18:02:53.923256 INFO GET /api/payments 502 107ms
2026-04-17T18:02:55.924897 ERROR GET /api/login 502 151ms
2026-04-17T18:02:57.926460 INFO GET /api/orders 200 229ms
2026-04-17T18:02:59.928076 WARN GET /api/orders 200 62ms
2026-04-17T18:03:01.929876 INFO GET /api/login 200 318ms
2026-04-17T18:03:03.931269 ERROR GET /api/login 200 459ms
2026-04-17T18:03:05.932353 INFO GET /api/payments 404 156ms
2026-04-17T18:03:07.933159 ERROR GET /api/login 502 97ms
2026-04-17T18:03:09.934154 INFO GET /api/orders 200 305ms
2026-04-17T18:03:11.935606 ERROR GET /api/users 500 350ms
2026-04-17T18:03:13.937109 INFO GET /api/payments 200 70ms
2026-04-17T18:03:15.938577 INFO GET /api/payments 200 52ms
2026-04-17T18:03:17.941117 INFO GET /api/payments 200 338ms
2026-04-17T18:03:19.943039 INFO GET /api/login 500 96ms
2026-04-17T18:03:21.944801 WARN GET /api/login 200 483ms
2026-04-17T18:03:23.946084 INFO GET /api/payments 502 274ms
2026-04-17T18:03:25.947686 INFO GET /api/users 404 378ms
2026-04-17T18:03:27.948905 INFO GET /api/login 200 466ms
2026-04-17T18:03:29.950468 WARN GET /api/payments 200 115ms
2026-04-17T18:03:31.951699 INFO GET /api/orders 200 325ms
2026-04-17T18:03:33.952714 INFO GET /api/login 502 100ms
2026-04-17T18:03:35.953814 WARN GET /api/users 404 393ms
2026-04-17T18:03:37.955304 WARN GET /api/payments 200 190ms
2026-04-17T18:03:39.956725 INFO GET /api/payments 200 246ms
2026-04-17T18:03:41.957589 WARN GET /api/users 500 134ms
2026-04-17T18:03:43.958830 WARN GET /api/orders 500 96ms
2026-04-17T18:03:45.960312 INFO GET /api/login 500 63ms
2026-04-17T18:03:47.961376 WARN GET /api/users 200 190ms
2026-04-17T18:03:49.962682 INFO GET /api/login 200 372ms
2026-04-17T18:03:51.963875 WARN GET /api/orders 200 91ms
2026-04-17T18:03:53.965816 INFO GET /api/users 200 176ms
2026-04-17T18:03:55.966997 ERROR GET /api/login 502 103ms
2026-04-17T18:03:57.968580 ERROR GET /api/users 502 301ms
2026-04-17T18:03:59.970021 INFO GET /api/login 200 134ms
2026-04-17T18:04:01.971477 INFO GET /api/orders 200 342ms
2026-04-17T18:04:03.972690 INFO GET /api/orders 404 497ms
2026-04-17T18:04:05.973578 WARN GET /api/login 404 326ms
2026-04-17T18:04:07.974634 INFO GET /api/login 200 75ms
2026-04-17T18:04:09.976065 INFO GET /api/payments 200 378ms
2026-04-17T18:04:11.977089 INFO GET /api/login 200 175ms
2026-04-17T18:04:13.977960 ERROR GET /api/payments 200 362ms
2026-04-17T18:04:15.979321 INFO GET /api/login 404 330ms
2026-04-17T18:04:17.980571 WARN GET /api/login 404 395ms
2026-04-17T18:04:19.982205 WARN GET /api/orders 404 154ms
2026-04-17T18:04:21.983477 INFO GET /api/payments 200 435ms
2026-04-17T18:04:23.985060 INFO GET /api/users 404 109ms
2026-04-17T18:04:25.987934 WARN GET /api/users 200 188ms
2026-04-17T18:04:27.993591 INFO GET /api/orders 200 152ms
2026-04-17T18:04:29.995712 WARN GET /api/users 200 119ms
2026-04-17T18:04:31.998459 INFO GET /api/login 404 109ms
2026-04-17T18:04:33.999851 INFO GET /api/payments 200 467ms
2026-04-17T18:04:36.000962 INFO GET /api/payments 200 114ms
2026-04-17T18:04:38.002104 ERROR GET /api/payments 200 456ms
2026-04-17T18:04:40.003212 WARN GET /api/payments 200 423ms
2026-04-17T18:04:42.004499 WARN GET /api/orders 404 225ms
2026-04-17T18:04:44.005980 ERROR GET /api/login 502 243ms
2026-04-17T18:04:46.007280 INFO GET /api/login 502 131ms
2026-04-17T18:04:48.008280 INFO GET /api/orders 200 367ms
2026-04-17T18:09:37.292184 INFO GET /api/users 404 361ms
2026-04-17T18:09:39.292720 INFO GET /api/users 200 69ms
2026-04-17T18:09:41.294112 ERROR GET /api/orders 200 446ms
2026-04-17T18:09:43.295423 WARN GET /api/orders 200 345ms
2026-04-17T18:09:45.296605 WARN GET /api/payments 500 268ms
2026-04-17T18:09:47.297925 INFO GET /api/users 200 285ms
2026-04-17T18:09:49.299422 INFO GET /api/payments 500 294ms
2026-04-17T18:09:51.300866 INFO GET /api/payments 200 365ms
2026-04-17T18:09:53.301884 WARN GET /api/users 500 333ms
2026-04-17T18:09:55.303171 INFO GET /api/orders 200 357ms
2026-04-17T18:09:57.304872 WARN GET /api/login 404 472ms
2026-04-17T18:09:59.306071 INFO GET /api/users 500 263ms
2026-04-17T18:10:01.307067 INFO GET /api/orders 200 203ms
2026-04-17T18:10:03.308221 INFO GET /api/orders 500 266ms
2026-04-17T18:10:05.309731 ERROR GET /api/users 200 190ms
2026-04-17T18:10:07.312857 WARN GET /api/login 404 270ms
2026-04-17T18:10:09.314792 INFO GET /api/users 200 109ms
2026-04-17T18:10:11.316931 INFO GET /api/payments 200 457ms
2026-04-17T18:10:13.318841 INFO GET /api/login 502 250ms
2026-04-17T18:10:15.320090 WARN GET /api/payments 500 75ms
2026-04-17T18:10:17.321479 INFO GET /api/payments 500 135ms
2026-04-17T18:10:19.323215 WARN GET /api/payments 200 421ms
2026-04-17T18:10:21.324745 INFO GET /api/payments 200 408ms
2026-04-17T18:10:23.326864 INFO GET /api/orders 502 359ms
2026-04-17T18:10:25.328127 INFO GET /api/orders 500 183ms
2026-04-17T18:10:27.330569 WARN GET /api/login 200 169ms
2026-04-17T18:10:29.332723 INFO GET /api/orders 502 86ms
2026-04-17T18:10:31.333968 INFO GET /api/orders 404 220ms
2026-04-17T18:10:33.335990 ERROR GET /api/users 200 306ms
2026-04-17T18:10:35.337708 WARN GET /api/orders 502 199ms
2026-04-17T18:10:37.339480 INFO GET /api/users 502 188ms
2026-04-17T18:10:39.340826 ERROR GET /api/users 200 238ms
2026-04-17T18:10:41.342085 WARN GET /api/orders 500 260ms
2026-04-17T18:10:43.343211 WARN GET /api/orders 502 116ms
2026-04-17T18:10:45.344564 INFO GET /api/users 200 346ms
2026-04-17T18:10:47.346212 WARN GET /api/orders 200 277ms
2026-04-17T18:10:49.347435 INFO GET /api/payments 200 52ms
2026-04-17T18:10:51.348730 INFO GET /api/login 200 232ms
2026-04-17T18:10:53.351268 WARN GET /api/users 500 384ms
2026-04-17T18:10:55.353907 INFO GET /api/users 500 156ms
2026-04-17T18:10:57.356486 INFO GET /api/orders 200 393ms
2026-04-17T18:10:59.358408 ERROR GET /api/login 200 288ms
2026-04-17T18:11:01.360262 INFO GET /api/payments 200 383ms
2026-04-17T18:11:03.361693 WARN GET /api/payments 502 129ms
2026-04-17T18:11:05.363322 ERROR GET /api/login 404 429ms
2026-04-17T18:11:07.365400 WARN GET /api/users 200 170ms
2026-04-17T18:11:09.367001 INFO GET /api/orders 200 242ms
2026-04-17T18:11:11.368698 INFO GET /api/orders 502 440ms
2026-04-17T18:11:13.370360 INFO GET /api/orders 200 201ms
2026-04-17T18:11:15.371665 INFO GET /api/payments 502 96ms
2026-04-17T18:11:17.373173 INFO GET /api/users 200 389ms
2026-04-17T18:11:19.374770 INFO GET /api/orders 500 422ms
2026-04-17T18:11:21.376098 ERROR GET /api/payments 404 340ms
2026-04-17T18:11:23.377638 INFO GET /api/payments 200 364ms
2026-04-17T18:11:25.379435 WARN GET /api/users 200 497ms
2026-04-17T18:11:27.380688 INFO GET /api/users 200 161ms
2026-04-17T18:11:29.382127 INFO GET /api/orders 502 149ms
2026-04-17T18:11:31.383533 INFO GET /api/users 200 471ms
2026-04-17T18:11:33.384272 WARN GET /api/orders 200 397ms
2026-04-17T18:11:35.385271 INFO GET /api/orders 500 135ms
2026-04-17T18:11:37.386629 ERROR GET /api/login 200 450ms
2026-04-17T18:11:39.387408 INFO GET /api/payments 200 178ms
2026-04-17T18:11:41.388302 INFO GET /api/orders 404 489ms
2026-04-17T18:11:43.390115 INFO GET /api/orders 200 316ms
2026-04-17T18:11:45.390937 WARN GET /api/login 502 190ms
2026-04-17T18:11:47.392459 INFO GET /api/orders 200 242ms
2026-04-17T18:11:49.393731 INFO GET /api/users 200 407ms
2026-04-17T18:11:51.396066 INFO GET /api/orders 200 398ms
2026-04-17T18:11:53.397949 INFO GET /api/login 500 50ms
2026-04-17T18:11:55.399514 INFO GET /api/payments 500 315ms
2026-04-17T18:11:57.401254 WARN GET /api/login 200 438ms
2026-04-17T18:11:59.402486 WARN GET /api/payments 500 214ms
2026-04-17T18:12:01.403980 ERROR GET /api/login 200 335ms
2026-04-17T18:12:03.405635 INFO GET /api/login 500 363ms
2026-04-17T18:12:05.406913 INFO GET /api/payments 502 394ms
2026-04-17T18:12:07.408163 ERROR GET /api/orders 500 258ms
2026-04-17T18:12:09.409617 ERROR GET /api/payments 200 498ms
2026-04-17T18:12:11.411019 INFO GET /api/orders 500 55ms
2026-04-17T18:12:13.412358 INFO GET /api/orders 404 457ms
2026-04-17T18:12:15.413056 INFO GET /api/users 200 94ms
2026-04-17T18:12:17.413819 ERROR GET /api/orders 500 163ms
2026-04-17T18:12:19.415540 ERROR GET /api/orders 200 197ms
2026-04-17T18:12:21.416352 ERROR GET /api/users 200 473ms
2026-04-17T18:12:23.417632 INFO GET /api/login 502 483ms
2026-04-17T18:12:25.418411 INFO GET /api/login 200 362ms
2026-04-17T18:12:27.419638 ERROR GET /api/payments 200 156ms
2026-04-17T18:12:29.420741 INFO GET /api/login 200 271ms
2026-04-17T18:12:31.421730 WARN GET /api/users 500 437ms
2026-04-17T18:12:33.422529 INFO GET /api/payments 500 209ms
2026-04-17T18:12:35.423713 WARN GET /api/users 200 349ms
2026-04-17T18:12:37.425714 INFO GET /api/users 200 386ms
2026-04-17T18:12:39.427411 INFO GET /api/orders 502 116ms
2026-04-17T18:12:41.429161 INFO GET /api/payments 404 474ms
2026-04-17T18:12:43.431030 INFO GET /api/orders 502 108ms
2026-04-17T18:12:45.432621 WARN GET /api/users 500 284ms
2026-04-17T18:12:47.434092 INFO GET /api/users 404 166ms
2026-04-17T18:12:49.436254 INFO GET /api/payments 500 423ms
2026-04-17T18:12:51.437883 ERROR GET /api/login 200 210ms
2026-04-17T18:12:53.439567 INFO GET /api/login 200 281ms
2026-04-17T18:12:55.440887 ERROR GET /api/orders 200 395ms
2026-04-17T18:12:57.442208 WARN GET /api/login 404 404ms
2026-04-17T18:12:59.442949 WARN GET /api/login 404 168ms
2026-04-17T18:13:01.444563 INFO GET /api/orders 404 327ms
2026-04-17T18:13:03.445787 INFO GET /api/orders 200 253ms
2026-04-17T18:13:05.447530 WARN GET /api/orders 404 276ms
2026-04-17T18:13:07.449237 WARN GET /api/orders 200 471ms
2026-04-17T18:13:09.450072 INFO GET /api/login 502 342ms
2026-04-17T18:13:11.451447 WARN GET /api/users 200 298ms
2026-04-17T18:13:13.452676 INFO GET /api/users 200 333ms
2026-04-17T18:14:09.207474 ERROR GET /api/orders 200 72ms
2026-04-17T18:14:11.208554 WARN GET /api/login 200 114ms
2026-04-17T18:14:13.209371 ERROR GET /api/payments 200 284ms
2026-04-17T18:14:15.211005 INFO GET /api/login 502 247ms
2026-04-17T18:14:17.212349 WARN GET /api/users 404 435ms
2026-04-17T18:14:19.213178 INFO GET /api/orders 200 300ms
2026-04-17T18:14:21.214781 ERROR GET /api/login 200 89ms
2026-04-17T18:14:23.216006 ERROR GET /api/login 200 482ms
2026-04-17T18:14:25.216935 INFO GET /api/login 200 288ms
2026-04-17T18:14:27.218510 INFO GET /api/users 500 311ms
2026-04-17T18:14:29.219912 ERROR GET /api/users 502 425ms
2026-04-17T18:14:31.221162 INFO GET /api/login 200 227ms
2026-04-17T18:14:33.222385 INFO GET /api/login 200 110ms
2026-04-17T18:14:35.223259 INFO GET /api/users 200 218ms
2026-04-17T18:14:37.227220 INFO GET /api/payments 200 481ms
2026-04-17T18:14:39.229120 INFO GET /api/login 502 75ms
2026-04-17T18:14:41.230109 INFO GET /api/login 502 340ms
2026-04-17T18:14:43.230965 INFO GET /api/orders 404 205ms
2026-04-17T18:14:45.232448 ERROR GET /api/login 502 154ms
2026-04-17T18:14:47.233918 WARN GET /api/login 200 280ms
2026-04-17T18:14:49.236787 INFO GET /api/orders 200 362ms
2026-04-17T18:14:51.238648 INFO GET /api/login 404 313ms
2026-04-17T18:14:53.240462 INFO GET /api/login 200 236ms
2026-04-17T18:14:55.243016 INFO GET /api/users 200 141ms
2026-04-17T18:14:57.246318 ERROR GET /api/orders 200 137ms
2026-04-17T18:14:59.247736 WARN GET /api/payments 200 389ms
2026-04-17T18:15:01.250270 ERROR GET /api/orders 200 448ms
2026-04-17T18:15:03.251883 ERROR GET /api/login 200 135ms
2026-04-17T18:15:05.253294 INFO GET /api/login 404 297ms
2026-04-17T18:15:07.255053 INFO GET /api/users 502 59ms
2026-04-17T18:15:09.256797 ERROR GET /api/login 200 62ms
2026-04-17T18:15:11.259170 INFO GET /api/login 500 331ms
2026-04-17T18:15:13.260851 INFO GET /api/orders 404 392ms
2026-04-17T18:15:15.262299 INFO GET /api/payments 200 213ms
2026-04-17T18:15:17.263833 INFO GET /api/users 200 352ms
2026-04-17T18:15:19.268751 INFO GET /api/orders 200 175ms
2026-04-17T18:15:21.270957 ERROR GET /api/payments 500 185ms
2026-04-17T18:15:23.273101 INFO GET /api/payments 502 179ms
2026-04-17T18:15:25.274691 WARN GET /api/login 502 116ms
2026-04-17T18:15:27.275430 INFO GET /api/payments 200 446ms
2026-04-17T18:15:29.278023 INFO GET /api/users 500 181ms
2026-04-17T18:15:31.279443 ERROR GET /api/orders 200 128ms
2026-04-17T18:15:33.280275 INFO GET /api/login 200 81ms
2026-04-17T18:15:35.282230 INFO GET /api/orders 500 313ms
2026-04-17T18:15:37.284103 INFO GET /api/users 502 384ms
2026-04-17T18:15:39.286029 WARN GET /api/orders 200 471ms
2026-04-17T18:15:41.287608 INFO GET /api/payments 200 298ms
2026-04-17T18:15:43.290456 INFO GET /api/payments 200 67ms
2026-04-17T18:15:45.293108 INFO GET /api/orders 200 400ms
2026-04-17T18:15:47.301460 ERROR GET /api/orders 404 126ms
2026-04-17T18:15:49.303572 WARN GET /api/users 200 439ms
2026-04-17T18:15:51.304538 WARN GET /api/orders 404 151ms
2026-04-17T18:15:53.305599 ERROR GET /api/login 502 447ms
2026-04-17T18:15:55.307299 ERROR GET /api/users 502 440ms
2026-04-17T18:15:57.308657 ERROR GET /api/payments 200 196ms
2026-04-17T18:15:59.310544 WARN GET /api/users 500 490ms
2026-04-17T18:16:01.312319 INFO GET /api/payments 404 497ms
2026-04-17T18:16:03.314346 INFO GET /api/payments 200 396ms
2026-04-17T18:16:05.316080 INFO GET /api/payments 200 365ms
2026-04-17T18:16:07.317425 WARN GET /api/payments 500 431ms
2026-04-17T18:16:09.318627 INFO GET /api/orders 502 56ms
2026-04-17T18:16:11.320772 INFO GET /api/users 502 435ms
2026-04-17T18:16:13.322119 ERROR GET /api/login 404 54ms
2026-04-17T18:16:15.324910 INFO GET /api/users 502 349ms
2026-04-17T18:16:17.327537 INFO GET /api/orders 200 103ms
2026-04-17T18:16:19.329082 WARN GET /api/orders 500 425ms
2026-04-17T18:16:21.331107 ERROR GET /api/payments 404 124ms
2026-04-17T18:16:23.334062 WARN GET /api/payments 200 294ms
2026-04-17T18:16:25.335568 WARN GET /api/orders 500 103ms
2026-04-17T18:16:27.337757 INFO GET /api/login 200 442ms
2026-04-17T18:16:29.339939 WARN GET /api/login 200 367ms
2026-04-17T18:16:31.342012 INFO GET /api/payments 200 206ms
2026-04-17T18:16:33.344468 WARN GET /api/users 404 483ms
2026-04-17T18:16:35.346090 ERROR GET /api/orders 200 84ms
2026-04-17T18:16:37.348128 INFO GET /api/login 404 113ms
2026-04-17T18:16:39.350435 INFO GET /api/users 200 242ms
2026-04-17T18:16:41.352664 ERROR GET /api/users 404 373ms
2026-04-17T18:16:43.354256 INFO GET /api/users 200 125ms
2026-04-17T18:16:45.356295 WARN GET /api/payments 500 110ms
2026-04-17T18:16:47.358609 ERROR GET /api/payments 200 109ms
2026-04-17T18:16:49.361440 WARN GET /api/login 404 364ms
2026-04-17T18:16:51.363509 INFO GET /api/payments 500 498ms
2026-04-17T18:16:53.364575 INFO GET /api/login 500 236ms
2026-04-17T18:16:55.365923 INFO GET /api/payments 502 277ms
2026-04-17T18:16:57.366937 INFO GET /api/orders 200 120ms
2026-04-17T18:16:59.368085 ERROR GET /api/payments 200 90ms
2026-04-17T18:17:01.368715 INFO GET /api/users 404 69ms
2026-04-17T18:17:03.370003 ERROR GET /api/payments 500 500ms
2026-04-17T18:17:05.371128 WARN GET /api/orders 404 163ms
2026-04-17T18:17:07.372265 INFO GET /api/payments 200 183ms
2026-04-17T18:17:09.373175 INFO GET /api/orders 200 190ms
2026-04-17T18:17:11.374295 INFO GET /api/login 500 63ms
2026-04-17T18:17:13.375239 INFO GET /api/login 200 267ms
2026-04-17T18:19:07.037559 INFO GET /api/login 502 172ms
2026-04-17T18:19:09.038675 INFO GET /api/users 200 320ms
2026-04-17T18:19:11.039702 INFO GET /api/orders 404 459ms
2026-04-17T18:19:13.040918 WARN GET /api/payments 500 306ms
2026-04-17T18:19:15.042288 ERROR GET /api/users 200 466ms
2026-04-17T18:19:17.042966 ERROR GET /api/payments 200 468ms
2026-04-17T18:19:19.044114 INFO GET /api/orders 200 343ms
2026-04-17T18:19:21.045235 INFO GET /api/payments 500 457ms
2026-04-17T18:19:23.046682 WARN GET /api/orders 200 452ms
2026-04-17T18:19:25.048234 ERROR GET /api/login 502 345ms
2026-04-17T18:19:27.049507 INFO GET /api/orders 502 436ms
2026-04-17T18:19:29.051209 ERROR GET /api/orders 200 235ms
2026-04-17T18:19:31.053163 INFO GET /api/orders 200 387ms
2026-04-17T18:19:33.054868 INFO GET /api/login 502 325ms
2026-04-17T18:19:35.056635 INFO GET /api/payments 200 424ms
2026-04-17T18:19:37.058166 ERROR GET /api/users 500 134ms
2026-04-17T18:19:39.059201 INFO GET /api/payments 200 52ms
2026-04-17T18:19:41.060748 INFO GET /api/users 200 193ms
2026-04-17T18:19:43.062312 WARN GET /api/payments 200 186ms
2026-04-17T18:19:45.063777 ERROR GET /api/login 200 176ms
2026-04-17T18:19:47.064827 INFO GET /api/users 502 385ms
2026-04-17T18:19:49.065727 INFO GET /api/login 404 81ms
2026-04-17T18:19:51.068708 INFO GET /api/payments 500 334ms
2026-04-17T18:19:53.070744 INFO GET /api/orders 502 163ms
2026-04-17T18:19:55.071812 INFO GET /api/orders 404 311ms
2026-04-17T18:19:57.073293 INFO GET /api/payments 500 233ms
2026-04-17T18:19:59.075395 WARN GET /api/orders 200 137ms
2026-04-17T18:20:01.077334 WARN GET /api/login 404 471ms
2026-04-17T18:20:03.078905 INFO GET /api/users 200 391ms
2026-04-17T18:20:05.080075 INFO GET /api/payments 500 424ms
2026-04-17T18:20:07.081263 ERROR GET /api/users 502 387ms
2026-04-17T18:20:09.082320 ERROR GET /api/login 500 314ms
2026-04-17T18:20:11.083889 WARN GET /api/users 200 468ms
2026-04-17T18:20:13.085703 INFO GET /api/users 200 390ms
2026-04-17T18:20:15.087255 INFO GET /api/login 200 59ms
2026-04-17T18:20:17.088655 INFO GET /api/users 502 392ms
2026-04-17T18:20:19.089898 INFO GET /api/login 500 329ms
2026-04-17T18:20:21.091345 INFO GET /api/orders 200 193ms
2026-04-17T18:20:23.093050 ERROR GET /api/login 200 375ms
2026-04-17T18:20:25.094644 INFO GET /api/payments 200 317ms
2026-04-17T18:20:27.096006 INFO GET /api/users 500 340ms
2026-04-17T18:20:29.097445 INFO GET /api/orders 200 429ms
2026-04-17T18:20:31.098878 ERROR GET /api/users 200 439ms
2026-04-17T18:20:33.100556 ERROR GET /api/users 200 83ms
2026-04-17T18:20:35.102522 ERROR GET /api/users 200 178ms
2026-04-17T18:20:37.104423 ERROR GET /api/users 200 440ms
2026-04-17T18:20:39.106121 INFO GET /api/orders 200 491ms
2026-04-17T18:20:41.107202 WARN GET /api/login 200 295ms
2026-04-17T18:20:43.109029 INFO GET /api/login 500 99ms
2026-04-17T18:20:45.111107 INFO GET /api/payments 500 132ms
2026-04-17T18:20:47.112716 INFO GET /api/login 500 283ms
2026-04-17T18:20:49.113745 INFO GET /api/users 200 336ms
2026-04-17T18:20:51.115169 INFO GET /api/users 200 147ms
2026-04-17T18:20:53.117194 INFO GET /api/login 200 95ms
2026-04-17T18:26:42.384115 INFO GET /api/login 500 433ms
2026-04-17T18:26:44.384644 ERROR GET /api/login 502 441ms
2026-04-17T18:26:46.386174 INFO GET /api/payments 500 205ms
2026-04-17T18:26:48.387948 INFO GET /api/login 200 258ms
2026-04-17T18:26:50.389139 WARN GET /api/users 502 324ms
2026-04-17T18:26:52.390107 INFO GET /api/payments 404 81ms
2026-04-17T18:26:54.391391 WARN GET /api/login 200 454ms
2026-04-17T18:26:56.392861 INFO GET /api/orders 200 65ms
2026-04-17T18:26:58.393880 INFO GET /api/users 404 177ms
2026-04-17T18:27:00.394803 INFO GET /api/payments 404 195ms
2026-04-17T18:27:02.395706 INFO GET /api/users 200 69ms
2026-04-17T18:27:04.396992 INFO GET /api/login 200 226ms
2026-04-17T18:27:06.398330 INFO GET /api/orders 200 73ms
2026-04-17T18:27:08.399961 INFO GET /api/orders 500 355ms
2026-04-17T18:27:10.401210 INFO GET /api/users 200 136ms
2026-04-17T18:27:12.402586 ERROR GET /api/orders 200 325ms
2026-04-17T18:27:14.403403 WARN GET /api/login 200 305ms
2026-04-17T18:27:16.405224 INFO GET /api/users 200 277ms
2026-04-17T18:27:18.406490 INFO GET /api/users 200 372ms
2026-04-17T18:27:20.408104 ERROR GET /api/login 200 108ms
2026-04-17T18:27:22.409275 WARN GET /api/login 200 250ms
2026-04-17T18:27:24.410936 INFO GET /api/payments 200 343ms
2026-04-17T18:27:26.412382 ERROR GET /api/orders 502 499ms
2026-04-17T18:27:28.413471 INFO GET /api/orders 200 273ms
2026-04-17T18:27:30.414610 INFO GET /api/orders 404 330ms
2026-04-17T18:27:32.416175 INFO GET /api/orders 200 374ms
2026-04-17T18:27:34.417149 INFO GET /api/orders 200 365ms
2026-04-17T18:27:36.418485 INFO GET /api/orders 404 471ms
2026-04-17T18:27:38.419542 INFO GET /api/payments 404 146ms
2026-04-17T18:27:40.421190 WARN GET /api/login 200 442ms
2026-04-17T18:27:42.423055 INFO GET /api/login 502 400ms
2026-04-17T18:27:44.424609 INFO GET /api/orders 200 311ms
2026-04-17T18:27:46.427004 WARN GET /api/orders 200 404ms
2026-04-17T18:27:48.427848 INFO GET /api/orders 200 144ms
2026-04-17T18:27:50.428826 ERROR GET /api/login 200 204ms
2026-04-17T18:27:52.430046 INFO GET /api/payments 404 214ms
2026-04-17T18:27:54.430938 INFO GET /api/login 404 302ms
2026-04-17T18:27:56.432331 INFO GET /api/orders 200 455ms
2026-04-17T18:27:58.433861 ERROR GET /api/login 500 204ms
2026-04-17T18:28:00.435405 WARN GET /api/orders 200 54ms
2026-04-17T18:28:02.436674 INFO GET /api/login 404 470ms
2026-04-17T18:28:04.437271 INFO GET /api/payments 200 301ms
2026-04-17T18:28:06.439077 INFO GET /api/orders 500 215ms
2026-04-17T18:28:08.440476 WARN GET /api/orders 200 458ms
2026-04-17T18:28:10.441942 INFO GET /api/payments 200 339ms
2026-04-17T18:28:12.442936 WARN GET /api/login 500 462ms
2026-04-17T18:28:14.444292 INFO GET /api/payments 500 450ms
2026-04-17T18:28:16.444959 WARN GET /api/payments 200 387ms
2026-04-17T18:28:18.446826 ERROR GET /api/users 404 197ms
2026-04-17T18:28:20.448360 INFO GET /api/login 200 347ms
2026-04-17T18:28:22.449977 ERROR GET /api/login 500 322ms
2026-04-17T18:28:24.450837 INFO GET /api/login 200 392ms
2026-04-17T18:28:26.451795 INFO GET /api/users 200 304ms
2026-04-17T18:28:28.452533 ERROR GET /api/payments 200 407ms
2026-04-17T18:28:30.454066 INFO GET /api/login 200 471ms
2026-04-17T18:28:32.455349 INFO GET /api/login 200 147ms
2026-04-17T18:28:34.456765 WARN GET /api/login 500 493ms
2026-04-17T18:28:36.458487 INFO GET /api/users 200 194ms
2026-04-17T18:28:38.459745 INFO GET /api/login 200 289ms
2026-04-17T18:28:40.461265 INFO GET /api/payments 500 160ms
2026-04-17T18:28:42.462857 INFO GET /api/payments 500 435ms
2026-04-17T18:28:44.463974 INFO GET /api/login 404 381ms
2026-04-17T18:28:46.465267 ERROR GET /api/payments 500 332ms
2026-04-17T18:28:48.466416 INFO GET /api/payments 404 139ms
2026-04-17T18:28:50.468086 ERROR GET /api/payments 200 443ms
2026-04-17T18:28:52.469698 INFO GET /api/login 502 259ms
2026-04-17T18:28:54.470612 INFO GET /api/login 200 392ms
2026-04-17T18:28:56.471729 ERROR GET /api/payments 200 240ms
2026-04-17T18:28:58.473215 INFO GET /api/payments 502 78ms
2026-04-17T18:29:00.474279 INFO GET /api/users 500 173ms
2026-04-17T18:29:02.475024 INFO GET /api/users 200 476ms
2026-04-17T18:29:04.476969 WARN GET /api/users 502 469ms
2026-04-17T18:29:06.478655 ERROR GET /api/payments 502 56ms
2026-04-17T18:29:08.479326 ERROR GET /api/orders 500 349ms
2026-04-17T18:29:10.480344 INFO GET /api/payments 404 387ms
2026-04-17T18:29:12.482128 INFO GET /api/payments 200 405ms
2026-04-17T18:29:14.483536 INFO GET /api/login 500 170ms
2026-04-17T18:29:16.484473 INFO GET /api/login 200 152ms
2026-04-17T18:29:18.485520 INFO GET /api/users 200 197ms
2026-04-17T18:29:20.487238 INFO GET /api/orders 200 255ms
2026-04-17T18:29:22.488810 ERROR GET /api/payments 502 117ms
2026-04-17T18:29:24.490486 INFO GET /api/payments 502 307ms
2026-04-17T18:29:26.491592 INFO GET /api/orders 200 373ms
2026-04-17T18:29:28.493265 INFO GET /api/orders 404 180ms
2026-04-17T18:29:30.494659 ERROR GET /api/orders 404 366ms
2026-04-17T18:29:32.495671 INFO GET /api/login 200 170ms
2026-04-17T18:29:34.497189 WARN GET /api/payments 200 180ms
2026-04-17T18:29:36.498270 WARN GET /api/users 200 377ms
2026-04-17T18:29:38.499719 ERROR GET /api/payments 200 430ms
2026-04-17T18:29:40.501851 INFO GET /api/login 404 201ms
2026-04-17T18:29:42.503601 INFO GET /api/login 200 412ms
2026-04-17T18:29:44.505247 ERROR GET /api/users 404 314ms
2026-04-17T18:29:46.506603 ERROR GET /api/payments 502 407ms
2026-04-17T18:29:48.507739 ERROR GET /api/users 200 66ms
2026-04-17T18:29:50.509240 INFO GET /api/login 200 419ms
2026-04-17T18:29:52.510497 INFO GET /api/payments 200 365ms
2026-04-17T18:29:54.511898 INFO GET /api/orders 404 442ms
2026-04-17T18:29:56.513238 ERROR GET /api/users 502 102ms
2026-04-17T18:29:58.514177 INFO GET /api/orders 200 484ms
2026-04-17T18:30:00.515657 INFO GET /api/login 404 120ms
2026-04-17T18:30:02.516672 ERROR GET /api/orders 500 216ms
2026-04-17T18:30:04.517979 ERROR GET /api/orders 200 240ms
2026-04-17T18:30:06.519505 INFO GET /api/users 500 350ms
2026-04-17T18:30:08.520852 INFO GET /api/users 200 177ms
2026-04-17T18:30:10.522177 INFO GET /api/users 502 163ms
2026-04-17T18:30:12.523844 INFO GET /api/payments 404 494ms
2026-04-17T18:30:14.525493 INFO GET /api/payments 200 120ms
2026-04-17T18:30:16.527294 INFO GET /api/users 502 295ms
2026-04-17T18:30:18.528326 INFO GET /api/users 404 432ms
