2026-04-17T16:39:28.763639 ERROR GET /api/users 502 183ms
2026-04-17T16:39:30.766107 INFO GET /api/login 404 424ms
2026-04-17T16:39:32.778704 INFO GET /api/users 200 455ms
2026-04-17T16:39:34.797233 INFO GET /api/orders 404 393ms
2026-04-17T16:39:36.800802 ERROR GET /api/payments 200 98ms
2026-04-17T16:39:38.802477 ERROR GET /api/orders 200 53ms
2026-04-17T16:39:40.803966 INFO GET /api/payments 500 350ms
2026-04-17T16:39:42.805246 ERROR GET /api/payments 404 498ms
2026-04-17T16:39:44.807171 INFO GET /api/orders 502 153ms
2026-04-17T16:39:46.809481 WARN GET /api/login 200 378ms
2026-04-17T17:23:52.401726 INFO GET /api/login 200 383ms
2026-04-17T17:23:54.403171 INFO GET /api/login 502 285ms
2026-04-17T17:23:56.404709 WARN GET /api/orders 502 94ms
2026-04-17T17:23:58.408488 WARN GET /api/login 200 459ms
2026-04-17T17:24:00.409755 ERROR GET /api/payments 200 260ms
2026-04-17T17:24:02.410916 INFO GET /api/orders 500 258ms
2026-04-17T17:24:04.412535 WARN GET /api/orders 500 392ms
2026-04-17T17:24:06.413962 INFO GET /api/users 500 85ms
2026-04-17T17:24:08.416236 WARN GET /api/login 200 440ms
2026-04-17T17:24:10.417590 ERROR GET /api/login 200 443ms
2026-04-17T17:24:12.418506 INFO GET /api/payments 200 77ms
2026-04-17T17:35:50.774679 INFO GET /api/users 200 332ms
2026-04-17T17:35:52.775269 INFO GET /api/orders 200 372ms
2026-04-17T17:35:54.776556 INFO GET /api/users 200 182ms
2026-04-17T17:35:56.777941 WARN GET /api/payments 404 323ms
2026-04-17T17:35:58.779309 ERROR GET /api/orders 200 202ms
2026-04-17T17:36:00.780898 INFO GET /api/users 500 158ms
2026-04-17T17:36:02.782394 INFO GET /api/login 502 95ms
2026-04-17T17:36:04.783750 INFO GET /api/orders 500 399ms
2026-04-17T17:36:06.784916 WARN GET /api/orders 200 458ms
2026-04-17T17:36:08.786580 ERROR GET /api/payments 200 378ms
2026-04-17T17:36:10.788287 INFO GET /api/users 200 451ms
2026-04-17T17:36:12.789673 INFO GET /api/orders 500 224ms
2026-04-17T17:36:14.791066 INFO GET /api/login 200 232ms
2026-04-17T17:36:16.792664 INFO GET /api/orders 200 452ms
2026-04-17T17:36:18.794046 INFO GET /api/users 200 358ms
2026-04-17T17:36:20.795205 WARN GET /api/users 200 183ms
2026-04-17T17:36:22.796469 ERROR GET /api/login 200 84ms
2026-04-17T17:39:47.452611 INFO GET /api/payments 500 488ms
2026-04-17T17:39:49.453236 WARN GET /api/login 500 109ms
2026-04-17T17:44:04.272837 INFO GET /api/payments 502 293ms
2026-04-17T17:44:06.273650 INFO GET /api/payments 404 77ms
2026-04-17T17:44:08.275449 INFO GET /api/payments 500 306ms
2026-04-17T17:44:10.276366 WARN GET /api/payments 500 59ms
2026-04-17T17:44:12.277653 INFO GET /api/payments 500 215ms
2026-04-17T17:44:14.279150 INFO GET /api/login 404 148ms
2026-04-17T17:44:16.280628 INFO GET /api/payments 200 129ms
2026-04-17T17:44:18.282173 INFO GET /api/login 200 176ms
2026-04-17T17:44:20.283797 WARN GET /api/login 502 424ms
2026-04-17T17:44:22.285223 INFO GET /api/login 500 173ms
2026-04-17T17:44:24.287151 WARN GET /api/orders 500 59ms
2026-04-17T17:44:26.288877 ERROR GET /api/orders 200 370ms
2026-04-17T17:44:28.290479 WARN GET /api/orders 200 341ms
2026-04-17T17:44:30.291978 INFO GET /api/users 500 179ms
2026-04-17T17:44:32.293551 INFO GET /api/users 404 405ms
2026-04-17T17:44:34.294694 INFO GET /api/orders 200 388ms
2026-04-17T17:44:36.295879 INFO GET /api/users 502 441ms
2026-04-17T17:44:38.297297 INFO GET /api/users 502 141ms
2026-04-17T17:44:40.298685 INFO GET /api/login 404 440ms
2026-04-17T17:44:42.301119 INFO GET /api/orders 200 136ms
2026-04-17T17:44:44.302470 INFO GET /api/orders 200 399ms
2026-04-17T17:44:46.304027 WARN GET /api/login 502 179ms
2026-04-17T17:44:48.305874 ERROR GET /api/orders 404 175ms
2026-04-17T17:44:50.307135 WARN GET /api/orders 200 349ms
2026-04-17T17:44:52.308391 INFO GET /api/login 500 249ms
2026-04-17T17:44:54.309286 WARN GET /api/users 200 214ms
2026-04-17T17:44:56.311038 ERROR GET /api/login 200 260ms
2026-04-17T17:44:58.311720 INFO GET /api/login 500 175ms
2026-04-17T17:45:00.313189 INFO GET /api/login 500 57ms
2026-04-17T17:45:02.314593 INFO GET /api/payments 502 236ms
2026-04-17T17:45:04.315750 ERROR GET /api/login 502 99ms
2026-04-17T17:45:06.316979 WARN GET /api/users 500 455ms
2026-04-17T17:45:08.318265 ERROR GET /api/payments 404 87ms
2026-04-17T17:45:10.319996 INFO GET /api/users 200 397ms
2026-04-17T17:45:12.321949 ERROR GET /api/users 200 201ms
2026-04-17T17:45:14.323625 ERROR GET /api/payments 404 396ms
2026-04-17T17:45:16.325610 INFO GET /api/login 200 89ms
2026-04-17T17:45:18.327104 INFO GET /api/users 500 121ms
2026-04-17T17:45:20.328852 INFO GET /api/payments 200 95ms
2026-04-17T17:45:22.331354 INFO GET /api/login 500 106ms
2026-04-17T17:45:24.333699 INFO GET /api/login 500 179ms
2026-04-17T17:45:26.335532 INFO GET /api/orders 502 482ms
2026-04-17T17:45:28.337775 INFO GET /api/login 200 121ms
2026-04-17T17:45:30.339270 WARN GET /api/users 200 416ms
2026-04-17T17:45:32.340357 INFO GET /api/orders 200 399ms
2026-04-17T17:45:34.341410 ERROR GET /api/payments 404 97ms
2026-04-17T17:45:36.342290 ERROR GET /api/orders 500 255ms
2026-04-17T17:45:38.343543 ERROR GET /api/orders 200 385ms
2026-04-17T17:45:40.344968 INFO GET /api/login 500 315ms
2026-04-17T17:45:42.346395 INFO GET /api/login 200 390ms
2026-04-17T17:45:44.347870 INFO GET /api/orders 404 120ms
2026-04-17T17:45:46.349684 ERROR GET /api/payments 502 301ms
2026-04-17T17:45:48.351024 ERROR GET /api/payments 404 437ms
2026-04-17T17:45:50.352465 INFO GET /api/login 404 107ms
2026-04-17T17:45:52.353457 INFO GET /api/orders 404 191ms
2026-04-17T17:45:54.354900 ERROR GET /api/orders 404 259ms
2026-04-17T17:45:56.355913 INFO GET /api/login 200 352ms
2026-04-17T17:45:58.357199 INFO GET /api/login 404 459ms
2026-04-17T17:46:00.358539 INFO GET /api/orders 502 331ms
2026-04-17T17:46:02.359695 INFO GET /api/login 404 285ms
2026-04-17T17:46:04.361347 INFO GET /api/login 404 57ms
2026-04-17T17:46:06.362782 INFO GET /api/payments 200 272ms
2026-04-17T17:46:08.364216 INFO GET /api/payments 200 337ms
2026-04-17T17:49:44.558534 INFO GET /api/orders 500 495ms
2026-04-17T17:49:46.559278 INFO GET /api/payments 500 418ms
2026-04-17T17:49:48.560754 INFO GET /api/orders 200 451ms
2026-04-17T17:49:50.562119 INFO GET /api/users 200 160ms
2026-04-17T17:49:52.563586 ERROR GET /api/orders 200 460ms
2026-04-17T17:49:54.564272 INFO GET /api/payments 404 236ms
2026-04-17T17:49:56.565670 INFO GET /api/payments 500 407ms
2026-04-17T17:49:58.567133 WARN GET /api/login 500 159ms
2026-04-17T17:50:00.568736 ERROR GET /api/payments 404 298ms
2026-04-17T17:50:02.571172 ERROR GET /api/payments 502 217ms
2026-04-17T17:50:04.572504 INFO GET /api/orders 200 305ms
2026-04-17T17:50:06.573624 INFO GET /api/login 200 203ms
2026-04-17T17:50:08.575075 INFO GET /api/login 502 177ms
2026-04-17T17:50:10.576485 WARN GET /api/login 200 369ms
2026-04-17T17:50:12.577735 INFO GET /api/orders 200 178ms
2026-04-17T17:50:14.579149 ERROR GET /api/users 404 434ms
2026-04-17T17:50:16.580125 INFO GET /api/payments 200 231ms
2026-04-17T17:50:18.581422 INFO GET /api/login 200 69ms
2026-04-17T17:50:20.582533 ERROR GET /api/login 500 239ms
2026-04-17T17:50:22.584170 INFO GET /api/users 502 173ms
2026-04-17T17:50:24.585270 INFO GET /api/login 200 87ms
2026-04-17T17:50:26.586190 INFO GET /api/users 200 164ms
2026-04-17T17:50:28.587855 INFO GET /api/orders 200 370ms
2026-04-17T17:50:30.589272 WARN GET /api/orders 200 207ms
2026-04-17T17:50:32.591153 INFO GET /api/payments 502 490ms
2026-04-17T17:50:34.591871 INFO GET /api/login 502 331ms
2026-04-17T17:50:36.593324 INFO GET /api/orders 502 363ms
2026-04-17T17:50:38.594694 ERROR GET /api/payments 502 166ms
2026-04-17T17:50:40.596351 WARN GET /api/orders 200 292ms
2026-04-17T17:50:42.598045 ERROR GET /api/payments 404 145ms
2026-04-17T17:50:44.598658 INFO GET /api/users 200 296ms
2026-04-17T17:50:46.599794 INFO GET /api/users 200 394ms
2026-04-17T17:50:48.601006 WARN GET /api/orders 200 65ms
2026-04-17T17:50:50.602114 WARN GET /api/orders 200 354ms
2026-04-17T17:50:52.603535 INFO GET /api/login 500 409ms
2026-04-17T17:50:54.604721 INFO GET /api/login 200 212ms
2026-04-17T17:50:56.605669 INFO GET /api/users 404 71ms
2026-04-17T17:50:58.606483 WARN GET /api/login 200 99ms
2026-04-17T17:51:00.607728 INFO GET /api/login 200 53ms
2026-04-17T17:51:02.609013 INFO GET /api/login 502 126ms
2026-04-17T17:51:04.610386 WARN GET /api/users 200 196ms
2026-04-17T17:51:06.612136 ERROR GET /api/users 200 420ms
2026-04-17T17:51:08.613066 INFO GET /api/orders 404 406ms
2026-04-17T17:51:10.615087 ERROR GET /api/users 200 150ms
2026-04-17T17:51:12.616404 INFO GET /api/orders 500 485ms
2026-04-17T17:51:14.617480 INFO GET /api/orders 200 100ms
2026-04-17T17:51:16.618646 INFO GET /api/orders 200 403ms
2026-04-17T17:51:18.620537 ERROR GET /api/users 500 75ms
2026-04-17T17:51:20.621983 INFO GET /api/login 200 207ms
2026-04-17T17:51:22.622607 INFO GET /api/payments 200 323ms
2026-04-17T17:51:24.624219 WARN GET /api/payments 502 319ms
2026-04-17T17:51:26.625549 ERROR GET /api/orders 200 110ms
2026-04-17T17:51:28.626867 INFO GET /api/payments 404 381ms
2026-04-17T17:51:30.628446 INFO GET /api/login 500 102ms
2026-04-17T17:51:32.629662 INFO GET /api/payments 200 435ms
2026-04-17T17:51:34.631034 INFO GET /api/login 404 77ms
2026-04-17T17:51:36.632263 WARN GET /api/payments 502 62ms
2026-04-17T17:51:38.633860 WARN GET /api/login 200 103ms
2026-04-17T17:51:40.635304 ERROR GET /api/login 502 374ms
2026-04-17T17:51:42.636438 INFO GET /api/login 404 243ms
2026-04-17T17:51:44.637558 INFO GET /api/login 200 235ms
2026-04-17T17:51:46.639424 INFO GET /api/login 502 90ms
2026-04-17T17:51:48.641137 INFO GET /api/payments 200 399ms
2026-04-17T17:51:50.642399 INFO GET /api/users 200 76ms
2026-04-17T17:51:52.644145 WARN GET /api/login 500 337ms
2026-04-17T17:51:54.645951 WARN GET /api/login 502 101ms
2026-04-17T17:51:56.647493 WARN GET /api/orders 200 388ms
2026-04-17T17:51:58.648810 INFO GET /api/payments 200 240ms
2026-04-17T17:52:00.650041 INFO GET /api/users 404 333ms
2026-04-17T17:52:02.651681 WARN GET /api/users 200 77ms
2026-04-17T17:52:04.653422 INFO GET /api/login 200 465ms
2026-04-17T17:52:06.655339 ERROR GET /api/payments 200 230ms
2026-04-17T17:52:08.656691 INFO GET /api/users 502 207ms
2026-04-17T17:52:10.658958 INFO GET /api/users 200 291ms
2026-04-17T17:52:12.660373 WARN GET /api/orders 200 300ms
2026-04-17T17:52:14.662518 WARN GET /api/login 404 215ms
2026-04-17T17:52:16.664140 WARN GET /api/users 500 381ms
2026-04-17T17:52:18.665269 ERROR GET /api/login 200 487ms
2026-04-17T17:52:20.666066 INFO GET /api/orders 200 247ms
2026-04-17T17:52:22.667343 WARN GET /api/orders 404 284ms
2026-04-17T17:52:24.668831 WARN GET /api/orders 502 177ms
2026-04-17T17:52:26.670223 INFO GET /api/users 500 332ms
2026-04-17T17:52:28.671691 INFO GET /api/users 200 479ms
2026-04-17T17:52:30.673311 INFO GET /api/orders 502 65ms
2026-04-17T17:52:32.674856 ERROR GET /api/login 200 353ms
2026-04-17T17:52:34.676596 INFO GET /api/payments 200 303ms
2026-04-17T17:52:36.677738 INFO GET /api/orders 200 468ms
2026-04-17T17:52:38.678903 ERROR GET /api/payments 502 280ms
2026-04-17T17:52:40.680705 INFO GET /api/users 200 477ms
2026-04-17T17:52:42.682159 INFO GET /api/orders 404 111ms
2026-04-17T17:52:44.684030 INFO GET /api/payments 200 150ms
2026-04-17T17:52:46.685130 INFO GET /api/payments 200 196ms
2026-04-17T17:52:48.687256 INFO GET /api/login 502 295ms
2026-04-17T17:52:50.688622 INFO GET /api/orders 200 449ms
2026-04-17T17:52:52.689767 INFO GET /api/orders 200 172ms
2026-04-17T17:52:54.691539 INFO GET /api/users 502 254ms
2026-04-17T17:52:56.692515 WARN GET /api/payments 500 249ms
